{
  "RSpec": {
    "coverage": {
      "/Users/student/Projects/week4/weekly-challenge/bookmarks_1/bookmark_manager/spec/bookmarks_spec.rb": [
        1,
        null,
        1,
        null,
        1,
        1,
        1,
        1,
        1,
        1,
        null,
        1,
        null,
        1,
        1,
        1,
        null,
        null,
        null,
        1,
        1,
        1,
        1,
        null,
        null,
        null,
        null
      ],
      "/Users/student/Projects/week4/weekly-challenge/bookmarks_1/bookmark_manager/spec/features/add_bookmark_spec.rb": [
        1,
        null,
        1,
        1,
        1,
        1,
        1,
        1,
        null,
        null
      ],
      "/Users/student/Projects/week4/weekly-challenge/bookmarks_1/bookmark_manager/spec/features/bookmarks_spec.rb": [
        1,
        null,
        1,
        1,
        null,
        1,
        1,
        1,
        null,
        1,
        null,
        1,
        1,
        1,
        null,
        null,
        1,
        1,
        1,
        null,
        null,
        null
      ],
      "/Users/student/Projects/week4/weekly-challenge/bookmarks_1/bookmark_manager/spec/features/home_page_spec.rb": [
        null,
        null,
        1,
        1,
        1,
        1,
        null,
        null
      ]
    },
    "timestamp": 1570555102
  }
}
